c:\users\murph_000\onedrive\school\c++\project 3\project 3\debug\vc140.pdb
c:\users\murph_000\onedrive\school\c++\project 3\project 3\debug\vc140.idb
c:\users\murph_000\onedrive\school\c++\project 3\project 3\debug\coinchanger.nativecodeanalysis.xml
c:\users\murph_000\onedrive\school\c++\project 3\project 3\debug\coins.nativecodeanalysis.xml
c:\users\murph_000\onedrive\school\c++\project 3\project 3\debug\main.nativecodeanalysis.xml
c:\users\murph_000\onedrive\school\c++\project 3\project 3\debug\main.obj
c:\users\murph_000\onedrive\school\c++\project 3\project 3\debug\coins.obj
c:\users\murph_000\onedrive\school\c++\project 3\project 3\debug\coinchanger.obj
c:\users\murph_000\onedrive\school\c++\project 3\debug\project 3.ilk
c:\users\murph_000\onedrive\school\c++\project 3\debug\project 3.exe
c:\users\murph_000\onedrive\school\c++\project 3\debug\project 3.pdb
c:\users\murph_000\onedrive\school\c++\project 3\project 3\debug\nativecodeanalysis.read.1.tlog
c:\users\murph_000\onedrive\school\c++\project 3\project 3\debug\vc.nativecodeanalysis.all.xml
c:\users\murph_000\onedrive\school\c++\project 3\debug\project 3.exe.lastcodeanalysissucceeded
c:\users\murph_000\onedrive\school\c++\project 3\project 3\debug\project 3.tlog\cl.command.1.tlog
c:\users\murph_000\onedrive\school\c++\project 3\project 3\debug\project 3.tlog\cl.read.1.tlog
c:\users\murph_000\onedrive\school\c++\project 3\project 3\debug\project 3.tlog\cl.write.1.tlog
c:\users\murph_000\onedrive\school\c++\project 3\project 3\debug\project 3.tlog\link.command.1.tlog
c:\users\murph_000\onedrive\school\c++\project 3\project 3\debug\project 3.tlog\link.read.1.tlog
c:\users\murph_000\onedrive\school\c++\project 3\project 3\debug\project 3.tlog\link.write.1.tlog
