C:\USERS\MURPHY\DESKTOP\C++\WEEK 4\HW AS3\PROJECT 3\PROJECT 3\DEBUG\COINCHANGER.OBJ
C:\USERS\MURPHY\DESKTOP\C++\WEEK 4\HW AS3\PROJECT 3\PROJECT 3\DEBUG\COINS.OBJ
C:\USERS\MURPHY\DESKTOP\C++\WEEK 4\HW AS3\PROJECT 3\PROJECT 3\DEBUG\MAIN.OBJ
C:\USERS\MURPHY\DESKTOP\C++\WEEK 4\HW AS3\PROJECT 3\PROJECT 3\DEBUG\VC110.PDB
C:\USERS\MURPHY\DESKTOP\C++\WEEK 4\HW AS3\PROJECT 3\DEBUG\PROJECT 3.ILK
C:\USERS\MURPHY\DESKTOP\C++\WEEK 4\HW AS3\PROJECT 3\DEBUG\PROJECT 3.EXE
C:\USERS\MURPHY\DESKTOP\C++\WEEK 4\HW AS3\PROJECT 3\DEBUG\PROJECT 3.PDB
C:\Users\Murphy\Desktop\C++\Week 4\HW AS3\Project 3\Project 3\Debug\CoinChanger.obj
C:\Users\Murphy\Desktop\C++\Week 4\HW AS3\Project 3\Project 3\Debug\coins.obj
C:\Users\Murphy\Desktop\C++\Week 4\HW AS3\Project 3\Project 3\Debug\main.obj
C:\Users\Murphy\Desktop\C++\Week 4\HW AS3\Project 3\Project 3\Debug\cl.command.1.tlog
C:\Users\Murphy\Desktop\C++\Week 4\HW AS3\Project 3\Project 3\Debug\CL.read.1.tlog
C:\Users\Murphy\Desktop\C++\Week 4\HW AS3\Project 3\Project 3\Debug\CL.write.1.tlog
C:\Users\Murphy\Desktop\C++\Week 4\HW AS3\Project 3\Project 3\Debug\link-cvtres.read.1.tlog
C:\Users\Murphy\Desktop\C++\Week 4\HW AS3\Project 3\Project 3\Debug\link-cvtres.write.1.tlog
C:\Users\Murphy\Desktop\C++\Week 4\HW AS3\Project 3\Project 3\Debug\link-rc.read.1.tlog
C:\Users\Murphy\Desktop\C++\Week 4\HW AS3\Project 3\Project 3\Debug\link-rc.write.1.tlog
C:\Users\Murphy\Desktop\C++\Week 4\HW AS3\Project 3\Project 3\Debug\link.command.1.tlog
C:\Users\Murphy\Desktop\C++\Week 4\HW AS3\Project 3\Project 3\Debug\link.read.1.tlog
C:\Users\Murphy\Desktop\C++\Week 4\HW AS3\Project 3\Project 3\Debug\link.write.1.tlog
C:\Users\Murphy\Desktop\C++\Week 4\HW AS3\Project 3\Project 3\Debug\vc110.idb
C:\Users\Murphy\Desktop\C++\Week 4\HW AS3\Project 3\Project 3\Debug\vc110.pdb
C:\Users\Murphy\Desktop\C++\Week 4\HW AS3\Project 3\Debug\Project 3.pdb
C:\Users\Murphy\Desktop\C++\Week 4\HW AS3\Project 3\Debug\Project 3.exe
C:\Users\Murphy\Desktop\C++\Week 4\HW AS3\Project 3\Debug\Project 3.ilk
