Build started 2/11/2013 7:21:18 PM.
     1>Project "C:\Users\dana_swift\Documents\Visual Studio 2010\Projects\Session 4\ConstructionAndDestruction\ConstructionAndDestruction\ConstructionAndDestruction.vcxproj" on node 2 (build target(s)).
     1>InitializeBuildStatus:
         Creating "Debug\ConstructionAndDestruction.unsuccessfulbuild" because "AlwaysCreate" was specified.
       ClCompile:
         C:\Program Files\Microsoft Visual Studio 10.0\VC\bin\CL.exe /c /ZI /nologo /W3 /WX- /Od /Oy- /D WIN32 /D _DEBUG /D _CONSOLE /D _UNICODE /D UNICODE /Gm /EHsc /RTC1 /MDd /GS /fp:precise /Zc:wchar_t /Zc:forScope /Fo"Debug\\" /Fd"Debug\vc100.pdb" /Gd /TP /analyze- /errorReport:prompt Dice.cpp Random.cpp
         Random.cpp
         Dice.cpp
         Generating Code...
       ManifestResourceCompile:
         All outputs are up-to-date.
       Link:
         C:\Program Files\Microsoft Visual Studio 10.0\VC\bin\link.exe /ERRORREPORT:PROMPT /OUT:"C:\Users\dana_swift\Documents\Visual Studio 2010\Projects\Session 4\ConstructionAndDestruction\Debug\ConstructionAndDestruction.exe" /INCREMENTAL /NOLOGO kernel32.lib user32.lib gdi32.lib winspool.lib comdlg32.lib advapi32.lib shell32.lib ole32.lib oleaut32.lib uuid.lib odbc32.lib odbccp32.lib /MANIFEST /ManifestFile:"Debug\ConstructionAndDestruction.exe.intermediate.manifest" /MANIFESTUAC:"level='asInvoker' uiAccess='false'" /DEBUG /PDB:"C:\Users\dana_swift\Documents\Visual Studio 2010\Projects\Session 4\ConstructionAndDestruction\Debug\ConstructionAndDestruction.pdb" /SUBSYSTEM:CONSOLE /TLBID:1 /DYNAMICBASE /NXCOMPAT /IMPLIB:"C:\Users\dana_swift\Documents\Visual Studio 2010\Projects\Session 4\ConstructionAndDestruction\Debug\ConstructionAndDestruction.lib" /MACHINE:X86 Debug\ConstructionAndDestruction.exe.embed.manifest.res
         Debug\Dice.obj
         Debug\main.obj
         Debug\Random.obj
       Manifest:
         C:\Program Files\Microsoft SDKs\Windows\v7.0A\bin\mt.exe /nologo /verbose /out:"Debug\ConstructionAndDestruction.exe.embed.manifest" /manifest Debug\ConstructionAndDestruction.exe.intermediate.manifest
         All outputs are up-to-date.
       LinkEmbedManifest:
         All outputs are up-to-date.
         ConstructionAndDestruction.vcxproj -> C:\Users\dana_swift\Documents\Visual Studio 2010\Projects\Session 4\ConstructionAndDestruction\Debug\ConstructionAndDestruction.exe
       FinalizeBuildStatus:
         Deleting file "Debug\ConstructionAndDestruction.unsuccessfulbuild".
         Touching "Debug\ConstructionAndDestruction.lastbuildstate".
     1>Done Building Project "C:\Users\dana_swift\Documents\Visual Studio 2010\Projects\Session 4\ConstructionAndDestruction\ConstructionAndDestruction\ConstructionAndDestruction.vcxproj" (build target(s)).

Build succeeded.

Time Elapsed 00:00:00.71
