C:\USERS\MURPHY\DESKTOP\C++\ASSIGNMENT7\ASSIGNMENT7\ASSIGNMENT7\DEBUG\ASSIGNMENT7.EXE.EMBED.MANIFEST
C:\USERS\MURPHY\DESKTOP\C++\ASSIGNMENT7\ASSIGNMENT7\ASSIGNMENT7\DEBUG\ASSIGNMENT7.EXE.EMBED.MANIFEST.RES
C:\USERS\MURPHY\DESKTOP\C++\ASSIGNMENT7\ASSIGNMENT7\ASSIGNMENT7\DEBUG\ASSIGNMENT7.EXE.INTERMEDIATE.MANIFEST
C:\Users\Murphy\Desktop\C++\Assignment7\Assignment7\Assignment7\Debug\Assignment7.write.1.tlog
C:\Users\Murphy\Desktop\C++\Assignment7\Assignment7\Assignment7\Debug\Assignment7_manifest.rc
C:\Users\Murphy\Desktop\C++\Assignment7\Assignment7\Assignment7\Debug\cl.command.1.tlog
C:\Users\Murphy\Desktop\C++\Assignment7\Assignment7\Assignment7\Debug\CL.read.1.tlog
C:\Users\Murphy\Desktop\C++\Assignment7\Assignment7\Assignment7\Debug\CL.write.1.tlog
C:\Users\Murphy\Desktop\C++\Assignment7\Assignment7\Assignment7\Debug\link.1008.read.1.tlog
C:\Users\Murphy\Desktop\C++\Assignment7\Assignment7\Assignment7\Debug\link.1008.write.1.tlog
C:\Users\Murphy\Desktop\C++\Assignment7\Assignment7\Assignment7\Debug\link.1008-cvtres.read.1.tlog
C:\Users\Murphy\Desktop\C++\Assignment7\Assignment7\Assignment7\Debug\link.1008-cvtres.write.1.tlog
C:\Users\Murphy\Desktop\C++\Assignment7\Assignment7\Assignment7\Debug\link.command.1.tlog
C:\Users\Murphy\Desktop\C++\Assignment7\Assignment7\Assignment7\Debug\link.read.1.tlog
C:\Users\Murphy\Desktop\C++\Assignment7\Assignment7\Assignment7\Debug\link.write.1.tlog
C:\Users\Murphy\Desktop\C++\Assignment7\Assignment7\Assignment7\Debug\link-cvtres.read.1.tlog
C:\Users\Murphy\Desktop\C++\Assignment7\Assignment7\Assignment7\Debug\link-cvtres.write.1.tlog
C:\USERS\MURPHY\DESKTOP\C++\ASSIGNMENT7\ASSIGNMENT7\ASSIGNMENT7\DEBUG\MAIN.OBJ
C:\Users\Murphy\Desktop\C++\Assignment7\Assignment7\Assignment7\Debug\mt.command.1.tlog
C:\Users\Murphy\Desktop\C++\Assignment7\Assignment7\Assignment7\Debug\mt.read.1.tlog
C:\Users\Murphy\Desktop\C++\Assignment7\Assignment7\Assignment7\Debug\mt.write.1.tlog
C:\Users\Murphy\Desktop\C++\Assignment7\Assignment7\Assignment7\Debug\rc.command.1.tlog
C:\Users\Murphy\Desktop\C++\Assignment7\Assignment7\Assignment7\Debug\rc.read.1.tlog
C:\Users\Murphy\Desktop\C++\Assignment7\Assignment7\Assignment7\Debug\rc.write.1.tlog
C:\USERS\MURPHY\DESKTOP\C++\ASSIGNMENT7\ASSIGNMENT7\ASSIGNMENT7\DEBUG\UNIQUEWORDS.OBJ
C:\Users\Murphy\Desktop\C++\Assignment7\Assignment7\Assignment7\Debug\vc100.idb
C:\USERS\MURPHY\DESKTOP\C++\ASSIGNMENT7\ASSIGNMENT7\ASSIGNMENT7\DEBUG\VC100.PDB
C:\USERS\MURPHY\DESKTOP\C++\ASSIGNMENT7\ASSIGNMENT7\DEBUG\ASSIGNMENT7.EXE
C:\USERS\MURPHY\DESKTOP\C++\ASSIGNMENT7\ASSIGNMENT7\DEBUG\ASSIGNMENT7.ILK
C:\USERS\MURPHY\DESKTOP\C++\ASSIGNMENT7\ASSIGNMENT7\DEBUG\ASSIGNMENT7.PDB
