C:\Users\Murphy\Documents\Visual Studio 2010\Projects\Assignment1.cpp\Assignment1.cpp\Debug\Assignment1.cpp.vcxprojResolveAssemblyReference.cache
C:\USERS\MURPHY\DOCUMENTS\VISUAL STUDIO 2010\PROJECTS\ASSIGNMENT1.CPP\ASSIGNMENT1.CPP\DEBUG\ASSIGNMENT1.EXE.EMBED.MANIFEST
C:\USERS\MURPHY\DOCUMENTS\VISUAL STUDIO 2010\PROJECTS\ASSIGNMENT1.CPP\ASSIGNMENT1.CPP\DEBUG\ASSIGNMENT1.EXE.EMBED.MANIFEST.RES
C:\USERS\MURPHY\DOCUMENTS\VISUAL STUDIO 2010\PROJECTS\ASSIGNMENT1.CPP\ASSIGNMENT1.CPP\DEBUG\ASSIGNMENT1.EXE.INTERMEDIATE.MANIFEST
C:\USERS\MURPHY\DOCUMENTS\VISUAL STUDIO 2010\PROJECTS\ASSIGNMENT1.CPP\ASSIGNMENT1.CPP\DEBUG\ASSIGNMENT1.OBJ
C:\Users\Murphy\Documents\Visual Studio 2010\Projects\Assignment1.cpp\Assignment1.cpp\Debug\Assignment1.write.1.tlog
C:\Users\Murphy\Documents\Visual Studio 2010\Projects\Assignment1.cpp\Assignment1.cpp\Debug\Assignment1_manifest.rc
C:\Users\Murphy\Documents\Visual Studio 2010\Projects\Assignment1.cpp\Assignment1.cpp\Debug\cl.command.1.tlog
C:\Users\Murphy\Documents\Visual Studio 2010\Projects\Assignment1.cpp\Assignment1.cpp\Debug\CL.read.1.tlog
C:\Users\Murphy\Documents\Visual Studio 2010\Projects\Assignment1.cpp\Assignment1.cpp\Debug\CL.write.1.tlog
C:\Users\Murphy\Documents\Visual Studio 2010\Projects\Assignment1.cpp\Assignment1.cpp\Debug\link.1128.read.1.tlog
C:\Users\Murphy\Documents\Visual Studio 2010\Projects\Assignment1.cpp\Assignment1.cpp\Debug\link.1128.write.1.tlog
C:\Users\Murphy\Documents\Visual Studio 2010\Projects\Assignment1.cpp\Assignment1.cpp\Debug\link.1128-cvtres.read.1.tlog
C:\Users\Murphy\Documents\Visual Studio 2010\Projects\Assignment1.cpp\Assignment1.cpp\Debug\link.1128-cvtres.write.1.tlog
C:\Users\Murphy\Documents\Visual Studio 2010\Projects\Assignment1.cpp\Assignment1.cpp\Debug\link.4024.read.1.tlog
C:\Users\Murphy\Documents\Visual Studio 2010\Projects\Assignment1.cpp\Assignment1.cpp\Debug\link.4024.write.1.tlog
C:\Users\Murphy\Documents\Visual Studio 2010\Projects\Assignment1.cpp\Assignment1.cpp\Debug\link.4024-cvtres.read.1.tlog
C:\Users\Murphy\Documents\Visual Studio 2010\Projects\Assignment1.cpp\Assignment1.cpp\Debug\link.4024-cvtres.write.1.tlog
C:\Users\Murphy\Documents\Visual Studio 2010\Projects\Assignment1.cpp\Assignment1.cpp\Debug\link.command.1.tlog
C:\Users\Murphy\Documents\Visual Studio 2010\Projects\Assignment1.cpp\Assignment1.cpp\Debug\link.read.1.tlog
C:\Users\Murphy\Documents\Visual Studio 2010\Projects\Assignment1.cpp\Assignment1.cpp\Debug\link.write.1.tlog
C:\Users\Murphy\Documents\Visual Studio 2010\Projects\Assignment1.cpp\Assignment1.cpp\Debug\link-cvtres.read.1.tlog
C:\Users\Murphy\Documents\Visual Studio 2010\Projects\Assignment1.cpp\Assignment1.cpp\Debug\link-cvtres.write.1.tlog
C:\Users\Murphy\Documents\Visual Studio 2010\Projects\Assignment1.cpp\Assignment1.cpp\Debug\mt.command.1.tlog
C:\Users\Murphy\Documents\Visual Studio 2010\Projects\Assignment1.cpp\Assignment1.cpp\Debug\mt.read.1.tlog
C:\Users\Murphy\Documents\Visual Studio 2010\Projects\Assignment1.cpp\Assignment1.cpp\Debug\mt.write.1.tlog
C:\Users\Murphy\Documents\Visual Studio 2010\Projects\Assignment1.cpp\Assignment1.cpp\Debug\rc.command.1.tlog
C:\Users\Murphy\Documents\Visual Studio 2010\Projects\Assignment1.cpp\Assignment1.cpp\Debug\rc.read.1.tlog
C:\Users\Murphy\Documents\Visual Studio 2010\Projects\Assignment1.cpp\Assignment1.cpp\Debug\rc.write.1.tlog
C:\Users\Murphy\Documents\Visual Studio 2010\Projects\Assignment1.cpp\Assignment1.cpp\Debug\vc100.idb
C:\USERS\MURPHY\DOCUMENTS\VISUAL STUDIO 2010\PROJECTS\ASSIGNMENT1.CPP\ASSIGNMENT1.CPP\DEBUG\VC100.PDB
C:\USERS\MURPHY\DOCUMENTS\VISUAL STUDIO 2010\PROJECTS\ASSIGNMENT1.CPP\DEBUG\ASSIGNMENT1.EXE
C:\USERS\MURPHY\DOCUMENTS\VISUAL STUDIO 2010\PROJECTS\ASSIGNMENT1.CPP\DEBUG\ASSIGNMENT1.ILK
C:\USERS\MURPHY\DOCUMENTS\VISUAL STUDIO 2010\PROJECTS\ASSIGNMENT1.CPP\DEBUG\ASSIGNMENT1.PDB
