Build started 2/10/2013 12:06:47 PM.
     1>Project "C:\Users\Murphy\Desktop\C++\Week 1\Assignment1.cpp\Assignment1.cpp\Assignment1.cpp.vcxproj" on node 2 (build target(s)).
     1>InitializeBuildStatus:
         Creating "Debug\Assignment1.unsuccessfulbuild" because "AlwaysCreate" was specified.
       ClCompile:
         c:\Program Files (x86)\Microsoft Visual Studio 10.0\VC\bin\CL.exe /c /ZI /nologo /W3 /WX- /Od /Oy- /D WIN32 /D _DEBUG /D _CONSOLE /D _UNICODE /D UNICODE /Gm /EHsc /RTC1 /MDd /GS /fp:precise /Zc:wchar_t /Zc:forScope /Fo"Debug\\" /Fd"Debug\vc100.pdb" /Gd /TP /analyze- /errorReport:prompt Assignment1.cpp
         Assignment1.cpp
     1>c:\users\murphy\desktop\c++\week 1\assignment1.cpp\assignment1.cpp\assignment1.cpp(15): warning C4101: 'Char' : unreferenced local variable
       ManifestResourceCompile:
         C:\Program Files (x86)\Microsoft SDKs\Windows\v7.0A\bin\rc.exe /nologo /fo"Debug\Assignment1.exe.embed.manifest.res" Debug\Assignment1_manifest.rc 
       Link:
         c:\Program Files (x86)\Microsoft Visual Studio 10.0\VC\bin\link.exe /ERRORREPORT:PROMPT /OUT:"C:\Users\Murphy\Desktop\C++\Week 1\Assignment1.cpp\Debug\Assignment1.exe" /INCREMENTAL /NOLOGO kernel32.lib user32.lib gdi32.lib winspool.lib comdlg32.lib advapi32.lib shell32.lib ole32.lib oleaut32.lib uuid.lib odbc32.lib odbccp32.lib /MANIFEST /ManifestFile:"Debug\Assignment1.exe.intermediate.manifest" /MANIFESTUAC:"level='asInvoker' uiAccess='false'" /DEBUG /PDB:"C:\Users\Murphy\Desktop\C++\Week 1\Assignment1.cpp\Debug\Assignment1.pdb" /SUBSYSTEM:CONSOLE /TLBID:1 /DYNAMICBASE /NXCOMPAT /IMPLIB:"C:\Users\Murphy\Desktop\C++\Week 1\Assignment1.cpp\Debug\Assignment1.lib" /MACHINE:X86 Debug\Assignment1.exe.embed.manifest.res
         Debug\Assignment1.obj
       Manifest:
         C:\Program Files (x86)\Microsoft SDKs\Windows\v7.0A\bin\mt.exe /nologo /verbose /out:"Debug\Assignment1.exe.embed.manifest" /manifest Debug\Assignment1.exe.intermediate.manifest
         All outputs are up-to-date.
       LinkEmbedManifest:
         All outputs are up-to-date.
         Assignment1.cpp.vcxproj -> C:\Users\Murphy\Desktop\C++\Week 1\Assignment1.cpp\Debug\Assignment1.exe
       FinalizeBuildStatus:
         Deleting file "Debug\Assignment1.unsuccessfulbuild".
         Touching "Debug\Assignment1.lastbuildstate".
     1>Done Building Project "C:\Users\Murphy\Desktop\C++\Week 1\Assignment1.cpp\Assignment1.cpp\Assignment1.cpp.vcxproj" (build target(s)).

Build succeeded.

Time Elapsed 00:00:05.93
