Build started 3/25/2013 6:24:13 PM.
     1>Project "C:\Users\dana_swift\Documents\Visual Studio 2010\Projects\Session 9\templates\templates\templates.vcxproj" on node 2 (build target(s)).
     1>InitializeBuildStatus:
         Creating "Debug\templates.unsuccessfulbuild" because "AlwaysCreate" was specified.
       ClCompile:
         C:\Program Files\Microsoft Visual Studio 10.0\VC\bin\CL.exe /c /ZI /nologo /W3 /WX- /Od /Oy- /D WIN32 /D _DEBUG /D _CONSOLE /D _UNICODE /D UNICODE /Gm /EHsc /RTC1 /MDd /GS /fp:precise /Zc:wchar_t /Zc:forScope /Fo"Debug\\" /Fd"Debug\vc100.pdb" /Gd /TP /analyze- /errorReport:prompt main.cpp
         main.cpp
     1>c:\users\dana_swift\documents\visual studio 2010\projects\session 9\templates\templates\fractions.h(17): warning C4290: C++ exception specification ignored except to indicate a function is not __declspec(nothrow)
     1>c:\users\dana_swift\documents\visual studio 2010\projects\session 9\templates\templates\fractions.h(21): warning C4290: C++ exception specification ignored except to indicate a function is not __declspec(nothrow)
       ManifestResourceCompile:
         All outputs are up-to-date.
       Link:
         C:\Program Files\Microsoft Visual Studio 10.0\VC\bin\link.exe /ERRORREPORT:PROMPT /OUT:"C:\Users\dana_swift\Documents\Visual Studio 2010\Projects\Session 9\templates\Debug\templates.exe" /INCREMENTAL /NOLOGO kernel32.lib user32.lib gdi32.lib winspool.lib comdlg32.lib advapi32.lib shell32.lib ole32.lib oleaut32.lib uuid.lib odbc32.lib odbccp32.lib /MANIFEST /ManifestFile:"Debug\templates.exe.intermediate.manifest" /MANIFESTUAC:"level='asInvoker' uiAccess='false'" /DEBUG /PDB:"C:\Users\dana_swift\Documents\Visual Studio 2010\Projects\Session 9\templates\Debug\templates.pdb" /SUBSYSTEM:CONSOLE /TLBID:1 /DYNAMICBASE /NXCOMPAT /IMPLIB:"C:\Users\dana_swift\Documents\Visual Studio 2010\Projects\Session 9\templates\Debug\templates.lib" /MACHINE:X86 Debug\templates.exe.embed.manifest.res
         Debug\Fractions.obj
         Debug\main.obj
       Manifest:
         C:\Program Files\Microsoft SDKs\Windows\v7.0A\bin\mt.exe /nologo /verbose /out:"Debug\templates.exe.embed.manifest" /manifest Debug\templates.exe.intermediate.manifest
         All outputs are up-to-date.
       LinkEmbedManifest:
         All outputs are up-to-date.
         templates.vcxproj -> C:\Users\dana_swift\Documents\Visual Studio 2010\Projects\Session 9\templates\Debug\templates.exe
       FinalizeBuildStatus:
         Deleting file "Debug\templates.unsuccessfulbuild".
         Touching "Debug\templates.lastbuildstate".
     1>Done Building Project "C:\Users\dana_swift\Documents\Visual Studio 2010\Projects\Session 9\templates\templates\templates.vcxproj" (build target(s)).

Build succeeded.

Time Elapsed 00:00:00.62
