C:\USERS\MURPHY\DESKTOP\C++\WEEK 4\SESSION 4\WHATGOESWHERE\DEBUG\WHATGOESWHERE.EXE
C:\USERS\MURPHY\DESKTOP\C++\WEEK 4\SESSION 4\WHATGOESWHERE\DEBUG\WHATGOESWHERE.ILK
C:\USERS\MURPHY\DESKTOP\C++\WEEK 4\SESSION 4\WHATGOESWHERE\DEBUG\WHATGOESWHERE.PDB
C:\Users\Murphy\Desktop\C++\Week 4\Session 4\WhatGoesWhere\WhatGoesWhere\Debug\cl.command.1.tlog
C:\Users\Murphy\Desktop\C++\Week 4\Session 4\WhatGoesWhere\WhatGoesWhere\Debug\CL.read.1.tlog
C:\Users\Murphy\Desktop\C++\Week 4\Session 4\WhatGoesWhere\WhatGoesWhere\Debug\CL.write.1.tlog
C:\USERS\MURPHY\DESKTOP\C++\WEEK 4\SESSION 4\WHATGOESWHERE\WHATGOESWHERE\DEBUG\DICE.OBJ
C:\USERS\MURPHY\DESKTOP\C++\WEEK 4\SESSION 4\WHATGOESWHERE\WHATGOESWHERE\DEBUG\GAME.OBJ
C:\Users\Murphy\Desktop\C++\Week 4\Session 4\WhatGoesWhere\WhatGoesWhere\Debug\link.5096.read.1.tlog
C:\Users\Murphy\Desktop\C++\Week 4\Session 4\WhatGoesWhere\WhatGoesWhere\Debug\link.5096.write.1.tlog
C:\Users\Murphy\Desktop\C++\Week 4\Session 4\WhatGoesWhere\WhatGoesWhere\Debug\link.5096-cvtres.read.1.tlog
C:\Users\Murphy\Desktop\C++\Week 4\Session 4\WhatGoesWhere\WhatGoesWhere\Debug\link.5096-cvtres.write.1.tlog
C:\Users\Murphy\Desktop\C++\Week 4\Session 4\WhatGoesWhere\WhatGoesWhere\Debug\link.command.1.tlog
C:\Users\Murphy\Desktop\C++\Week 4\Session 4\WhatGoesWhere\WhatGoesWhere\Debug\link.read.1.tlog
C:\Users\Murphy\Desktop\C++\Week 4\Session 4\WhatGoesWhere\WhatGoesWhere\Debug\link.write.1.tlog
C:\Users\Murphy\Desktop\C++\Week 4\Session 4\WhatGoesWhere\WhatGoesWhere\Debug\link-cvtres.read.1.tlog
C:\Users\Murphy\Desktop\C++\Week 4\Session 4\WhatGoesWhere\WhatGoesWhere\Debug\link-cvtres.write.1.tlog
C:\USERS\MURPHY\DESKTOP\C++\WEEK 4\SESSION 4\WHATGOESWHERE\WHATGOESWHERE\DEBUG\MAIN.OBJ
C:\Users\Murphy\Desktop\C++\Week 4\Session 4\WhatGoesWhere\WhatGoesWhere\Debug\mt.command.1.tlog
C:\Users\Murphy\Desktop\C++\Week 4\Session 4\WhatGoesWhere\WhatGoesWhere\Debug\mt.read.1.tlog
C:\Users\Murphy\Desktop\C++\Week 4\Session 4\WhatGoesWhere\WhatGoesWhere\Debug\mt.write.1.tlog
C:\USERS\MURPHY\DESKTOP\C++\WEEK 4\SESSION 4\WHATGOESWHERE\WHATGOESWHERE\DEBUG\RANDOM.OBJ
C:\Users\Murphy\Desktop\C++\Week 4\Session 4\WhatGoesWhere\WhatGoesWhere\Debug\rc.command.1.tlog
C:\Users\Murphy\Desktop\C++\Week 4\Session 4\WhatGoesWhere\WhatGoesWhere\Debug\rc.read.1.tlog
C:\Users\Murphy\Desktop\C++\Week 4\Session 4\WhatGoesWhere\WhatGoesWhere\Debug\rc.write.1.tlog
C:\Users\Murphy\Desktop\C++\Week 4\Session 4\WhatGoesWhere\WhatGoesWhere\Debug\vc100.idb
C:\USERS\MURPHY\DESKTOP\C++\WEEK 4\SESSION 4\WHATGOESWHERE\WHATGOESWHERE\DEBUG\VC100.PDB
C:\USERS\MURPHY\DESKTOP\C++\WEEK 4\SESSION 4\WHATGOESWHERE\WHATGOESWHERE\DEBUG\WHATGOESWHERE.EXE.EMBED.MANIFEST
C:\USERS\MURPHY\DESKTOP\C++\WEEK 4\SESSION 4\WHATGOESWHERE\WHATGOESWHERE\DEBUG\WHATGOESWHERE.EXE.EMBED.MANIFEST.RES
C:\USERS\MURPHY\DESKTOP\C++\WEEK 4\SESSION 4\WHATGOESWHERE\WHATGOESWHERE\DEBUG\WHATGOESWHERE.EXE.INTERMEDIATE.MANIFEST
C:\Users\Murphy\Desktop\C++\Week 4\Session 4\WhatGoesWhere\WhatGoesWhere\Debug\WhatGoesWhere.vcxprojResolveAssemblyReference.cache
C:\Users\Murphy\Desktop\C++\Week 4\Session 4\WhatGoesWhere\WhatGoesWhere\Debug\WhatGoesWhere.write.1.tlog
C:\Users\Murphy\Desktop\C++\Week 4\Session 4\WhatGoesWhere\WhatGoesWhere\Debug\WhatGoesWhere_manifest.rc
