Build started 2/18/2013 6:40:20 PM.
     1>Project "C:\Users\dana_swift\Documents\Visual Studio 2010\Projects\Session 5\ReadFileExample\ReadFileExample\ReadFileExample.vcxproj" on node 2 (build target(s)).
     1>InitializeBuildStatus:
         Creating "Debug\ReadFileExample.unsuccessfulbuild" because "AlwaysCreate" was specified.
       ClCompile:
         C:\Program Files\Microsoft Visual Studio 10.0\VC\bin\CL.exe /c /ZI /nologo /W3 /WX- /Od /Oy- /D WIN32 /D _DEBUG /D _CONSOLE /D _UNICODE /D UNICODE /Gm /EHsc /RTC1 /MDd /GS /fp:precise /Zc:wchar_t /Zc:forScope /Fo"Debug\\" /Fd"Debug\vc100.pdb" /Gd /TP /analyze- /errorReport:prompt main.cpp
         main.cpp
       ManifestResourceCompile:
         All outputs are up-to-date.
       Link:
         C:\Program Files\Microsoft Visual Studio 10.0\VC\bin\link.exe /ERRORREPORT:PROMPT /OUT:"C:\Users\dana_swift\Documents\Visual Studio 2010\Projects\Session 5\ReadFileExample\Debug\ReadFileExample.exe" /INCREMENTAL /NOLOGO kernel32.lib user32.lib gdi32.lib winspool.lib comdlg32.lib advapi32.lib shell32.lib ole32.lib oleaut32.lib uuid.lib odbc32.lib odbccp32.lib /MANIFEST /ManifestFile:"Debug\ReadFileExample.exe.intermediate.manifest" /MANIFESTUAC:"level='asInvoker' uiAccess='false'" /DEBUG /PDB:"C:\Users\dana_swift\Documents\Visual Studio 2010\Projects\Session 5\ReadFileExample\Debug\ReadFileExample.pdb" /SUBSYSTEM:CONSOLE /TLBID:1 /DYNAMICBASE /NXCOMPAT /IMPLIB:"C:\Users\dana_swift\Documents\Visual Studio 2010\Projects\Session 5\ReadFileExample\Debug\ReadFileExample.lib" /MACHINE:X86 Debug\ReadFileExample.exe.embed.manifest.res
         Debug\main.obj
         Debug\ReadFileAsString.obj
       Manifest:
         C:\Program Files\Microsoft SDKs\Windows\v7.0A\bin\mt.exe /nologo /verbose /out:"Debug\ReadFileExample.exe.embed.manifest" /manifest Debug\ReadFileExample.exe.intermediate.manifest
         All outputs are up-to-date.
       LinkEmbedManifest:
         All outputs are up-to-date.
         ReadFileExample.vcxproj -> C:\Users\dana_swift\Documents\Visual Studio 2010\Projects\Session 5\ReadFileExample\Debug\ReadFileExample.exe
       FinalizeBuildStatus:
         Deleting file "Debug\ReadFileExample.unsuccessfulbuild".
         Touching "Debug\ReadFileExample.lastbuildstate".
     1>Done Building Project "C:\Users\dana_swift\Documents\Visual Studio 2010\Projects\Session 5\ReadFileExample\ReadFileExample\ReadFileExample.vcxproj" (build target(s)).

Build succeeded.

Time Elapsed 00:00:00.65
