Build started 3/25/2013 2:06:44 PM.
     1>Project "C:\Users\Murphy\Desktop\C++\Session 5\BuildingOnClasses\BuildingOnClasses\BuildingOnClasses.vcxproj" on node 2 (Build target(s)).
     1>InitializeBuildStatus:
         Creating "Debug\BuildingOnClasses.unsuccessfulbuild" because "AlwaysCreate" was specified.
       ClCompile:
         c:\Program Files (x86)\Microsoft Visual Studio 10.0\VC\bin\CL.exe /c /ZI /nologo /W3 /WX- /Od /Oy- /D WIN32 /D _DEBUG /D _CONSOLE /D _UNICODE /D UNICODE /Gm /EHsc /RTC1 /MDd /GS /fp:precise /Zc:wchar_t /Zc:forScope /Fo"Debug\\" /Fd"Debug\vc100.pdb" /Gd /TP /analyze- /errorReport:prompt main.cpp
         main.cpp
       ManifestResourceCompile:
         All outputs are up-to-date.
       Link:
         c:\Program Files (x86)\Microsoft Visual Studio 10.0\VC\bin\link.exe /ERRORREPORT:PROMPT /OUT:"C:\Users\Murphy\Desktop\C++\Session 5\BuildingOnClasses\Debug\BuildingOnClasses.exe" /INCREMENTAL /NOLOGO kernel32.lib user32.lib gdi32.lib winspool.lib comdlg32.lib advapi32.lib shell32.lib ole32.lib oleaut32.lib uuid.lib odbc32.lib odbccp32.lib /MANIFEST /ManifestFile:"Debug\BuildingOnClasses.exe.intermediate.manifest" /MANIFESTUAC:"level='asInvoker' uiAccess='false'" /DEBUG /PDB:"C:\Users\Murphy\Desktop\C++\Session 5\BuildingOnClasses\Debug\BuildingOnClasses.pdb" /SUBSYSTEM:CONSOLE /TLBID:1 /DYNAMICBASE /NXCOMPAT /IMPLIB:"C:\Users\Murphy\Desktop\C++\Session 5\BuildingOnClasses\Debug\BuildingOnClasses.lib" /MACHINE:X86 Debug\BuildingOnClasses.exe.embed.manifest.res
         Debug\main.obj
       Manifest:
         C:\Program Files (x86)\Microsoft SDKs\Windows\v7.0A\bin\mt.exe /nologo /verbose /out:"Debug\BuildingOnClasses.exe.embed.manifest" /manifest Debug\BuildingOnClasses.exe.intermediate.manifest
         All outputs are up-to-date.
       LinkEmbedManifest:
         All outputs are up-to-date.
         BuildingOnClasses.vcxproj -> C:\Users\Murphy\Desktop\C++\Session 5\BuildingOnClasses\Debug\BuildingOnClasses.exe
       FinalizeBuildStatus:
         Deleting file "Debug\BuildingOnClasses.unsuccessfulbuild".
         Touching "Debug\BuildingOnClasses.lastbuildstate".
     1>Done Building Project "C:\Users\Murphy\Desktop\C++\Session 5\BuildingOnClasses\BuildingOnClasses\BuildingOnClasses.vcxproj" (Build target(s)).

Build succeeded.

Time Elapsed 00:00:01.15
