Build started 3/25/2013 1:46:04 PM.
     1>Project "C:\Users\Murphy\Desktop\C++\Session 6\Colors\Colors\Colors.vcxproj" on node 2 (Build target(s)).
     1>InitializeBuildStatus:
         Creating "Debug\Colors.unsuccessfulbuild" because "AlwaysCreate" was specified.
       ClCompile:
         c:\Program Files (x86)\Microsoft Visual Studio 10.0\VC\bin\CL.exe /c /ZI /nologo /W3 /WX- /Od /Oy- /D WIN32 /D _DEBUG /D _CONSOLE /D _UNICODE /D UNICODE /Gm /EHsc /RTC1 /MDd /GS /fp:precise /Zc:wchar_t /Zc:forScope /Fo"Debug\\" /Fd"Debug\vc100.pdb" /Gd /TP /analyze- /errorReport:prompt main.cpp
         main.cpp
     1>c:\users\murphy\desktop\c++\session 6\colors\colors\main.cpp(26): warning C4244: 'return' : conversion from 'double' to 'float', possible loss of data
     1>c:\users\murphy\desktop\c++\session 6\colors\colors\main.cpp(56): warning C4305: 'return' : truncation from 'double' to 'float'
     1>c:\users\murphy\desktop\c++\session 6\colors\colors\main.cpp(69): warning C4305: 'return' : truncation from 'double' to 'float'
     1>c:\users\murphy\desktop\c++\session 6\colors\colors\main.cpp(82): warning C4305: 'return' : truncation from 'double' to 'float'
       ManifestResourceCompile:
         C:\Program Files (x86)\Microsoft SDKs\Windows\v7.0A\bin\rc.exe /nologo /fo"Debug\Colors.exe.embed.manifest.res" Debug\Colors_manifest.rc 
       Link:
         c:\Program Files (x86)\Microsoft Visual Studio 10.0\VC\bin\link.exe /ERRORREPORT:PROMPT /OUT:"C:\Users\Murphy\Desktop\C++\Session 6\Colors\Debug\Colors.exe" /INCREMENTAL /NOLOGO kernel32.lib user32.lib gdi32.lib winspool.lib comdlg32.lib advapi32.lib shell32.lib ole32.lib oleaut32.lib uuid.lib odbc32.lib odbccp32.lib /MANIFEST /ManifestFile:"Debug\Colors.exe.intermediate.manifest" /MANIFESTUAC:"level='asInvoker' uiAccess='false'" /DEBUG /PDB:"C:\Users\Murphy\Desktop\C++\Session 6\Colors\Debug\Colors.pdb" /SUBSYSTEM:CONSOLE /TLBID:1 /DYNAMICBASE /NXCOMPAT /IMPLIB:"C:\Users\Murphy\Desktop\C++\Session 6\Colors\Debug\Colors.lib" /MACHINE:X86 Debug\Colors.exe.embed.manifest.res
         Debug\main.obj
       Manifest:
         Deleting file "Debug\Colors.exe.embed.manifest".
         C:\Program Files (x86)\Microsoft SDKs\Windows\v7.0A\bin\mt.exe /nologo /verbose /out:"Debug\Colors.exe.embed.manifest" /manifest Debug\Colors.exe.intermediate.manifest
         C:\Program Files (x86)\Microsoft SDKs\Windows\v7.0A\bin\rc.exe /nologo /fo"Debug\Colors.exe.embed.manifest.res" Debug\Colors_manifest.rc 
       LinkEmbedManifest:
         c:\Program Files (x86)\Microsoft Visual Studio 10.0\VC\bin\link.exe /ERRORREPORT:PROMPT /OUT:"C:\Users\Murphy\Desktop\C++\Session 6\Colors\Debug\Colors.exe" /INCREMENTAL /NOLOGO kernel32.lib user32.lib gdi32.lib winspool.lib comdlg32.lib advapi32.lib shell32.lib ole32.lib oleaut32.lib uuid.lib odbc32.lib odbccp32.lib /MANIFEST /ManifestFile:"Debug\Colors.exe.intermediate.manifest" /MANIFESTUAC:"level='asInvoker' uiAccess='false'" /DEBUG /PDB:"C:\Users\Murphy\Desktop\C++\Session 6\Colors\Debug\Colors.pdb" /SUBSYSTEM:CONSOLE /TLBID:1 /DYNAMICBASE /NXCOMPAT /IMPLIB:"C:\Users\Murphy\Desktop\C++\Session 6\Colors\Debug\Colors.lib" /MACHINE:X86 Debug\Colors.exe.embed.manifest.res
         Debug\main.obj
         Colors.vcxproj -> C:\Users\Murphy\Desktop\C++\Session 6\Colors\Debug\Colors.exe
       FinalizeBuildStatus:
         Deleting file "Debug\Colors.unsuccessfulbuild".
         Touching "Debug\Colors.lastbuildstate".
     1>Done Building Project "C:\Users\Murphy\Desktop\C++\Session 6\Colors\Colors\Colors.vcxproj" (Build target(s)).

Build succeeded.

Time Elapsed 00:00:01.89
