C:\USERS\DANA_SWIFT\DOCUMENTS\VISUAL STUDIO 2010\PROJECTS\SESSION 3\MORECLASSES\DEBUG\MORECLASSES.EXE
C:\USERS\DANA_SWIFT\DOCUMENTS\VISUAL STUDIO 2010\PROJECTS\SESSION 3\MORECLASSES\DEBUG\MORECLASSES.ILK
C:\USERS\DANA_SWIFT\DOCUMENTS\VISUAL STUDIO 2010\PROJECTS\SESSION 3\MORECLASSES\DEBUG\MORECLASSES.PDB
C:\USERS\DANA_SWIFT\DOCUMENTS\VISUAL STUDIO 2010\PROJECTS\SESSION 3\MORECLASSES\MORECLASSES\DEBUG\MAIN.OBJ
C:\USERS\DANA_SWIFT\DOCUMENTS\VISUAL STUDIO 2010\PROJECTS\SESSION 3\MORECLASSES\MORECLASSES\DEBUG\MORECLASSES.EXE.EMBED.MANIFEST
C:\USERS\DANA_SWIFT\DOCUMENTS\VISUAL STUDIO 2010\PROJECTS\SESSION 3\MORECLASSES\MORECLASSES\DEBUG\MORECLASSES.EXE.EMBED.MANIFEST.RES
C:\USERS\DANA_SWIFT\DOCUMENTS\VISUAL STUDIO 2010\PROJECTS\SESSION 3\MORECLASSES\MORECLASSES\DEBUG\MORECLASSES.EXE.INTERMEDIATE.MANIFEST
C:\USERS\DANA_SWIFT\DOCUMENTS\VISUAL STUDIO 2010\PROJECTS\SESSION 3\MORECLASSES\MORECLASSES\DEBUG\NUMBER.OBJ
C:\USERS\DANA_SWIFT\DOCUMENTS\VISUAL STUDIO 2010\PROJECTS\SESSION 3\MORECLASSES\MORECLASSES\DEBUG\PERSON.OBJ
C:\USERS\DANA_SWIFT\DOCUMENTS\VISUAL STUDIO 2010\PROJECTS\SESSION 3\MORECLASSES\MORECLASSES\DEBUG\VC100.PDB
C:\USERS\MURPHY\DESKTOP\C++\WEEK 3\SESSION 3\MORECLASSES\DEBUG\MORECLASSES.EXE
C:\USERS\MURPHY\DESKTOP\C++\WEEK 3\SESSION 3\MORECLASSES\DEBUG\MORECLASSES.ILK
C:\USERS\MURPHY\DESKTOP\C++\WEEK 3\SESSION 3\MORECLASSES\DEBUG\MORECLASSES.PDB
C:\Users\Murphy\Desktop\C++\Week 3\Session 3\MoreClasses\MoreClasses\Debug\cl.command.1.tlog
C:\Users\Murphy\Desktop\C++\Week 3\Session 3\MoreClasses\MoreClasses\Debug\CL.read.1.tlog
C:\Users\Murphy\Desktop\C++\Week 3\Session 3\MoreClasses\MoreClasses\Debug\CL.write.1.tlog
C:\Users\Murphy\Desktop\C++\Week 3\Session 3\MoreClasses\MoreClasses\Debug\link.3484.read.1.tlog
C:\Users\Murphy\Desktop\C++\Week 3\Session 3\MoreClasses\MoreClasses\Debug\link.3484.write.1.tlog
C:\Users\Murphy\Desktop\C++\Week 3\Session 3\MoreClasses\MoreClasses\Debug\link.3484-cvtres.read.1.tlog
C:\Users\Murphy\Desktop\C++\Week 3\Session 3\MoreClasses\MoreClasses\Debug\link.3484-cvtres.write.1.tlog
C:\Users\Murphy\Desktop\C++\Week 3\Session 3\MoreClasses\MoreClasses\Debug\link.3920.read.1.tlog
C:\Users\Murphy\Desktop\C++\Week 3\Session 3\MoreClasses\MoreClasses\Debug\link.3920.write.1.tlog
C:\Users\Murphy\Desktop\C++\Week 3\Session 3\MoreClasses\MoreClasses\Debug\link.3920-cvtres.read.1.tlog
C:\Users\Murphy\Desktop\C++\Week 3\Session 3\MoreClasses\MoreClasses\Debug\link.3920-cvtres.write.1.tlog
C:\Users\Murphy\Desktop\C++\Week 3\Session 3\MoreClasses\MoreClasses\Debug\link.4736.read.1.tlog
C:\Users\Murphy\Desktop\C++\Week 3\Session 3\MoreClasses\MoreClasses\Debug\link.4736.write.1.tlog
C:\Users\Murphy\Desktop\C++\Week 3\Session 3\MoreClasses\MoreClasses\Debug\link.4736-cvtres.read.1.tlog
C:\Users\Murphy\Desktop\C++\Week 3\Session 3\MoreClasses\MoreClasses\Debug\link.4736-cvtres.write.1.tlog
C:\Users\Murphy\Desktop\C++\Week 3\Session 3\MoreClasses\MoreClasses\Debug\link.5392.read.1.tlog
C:\Users\Murphy\Desktop\C++\Week 3\Session 3\MoreClasses\MoreClasses\Debug\link.5392.write.1.tlog
C:\Users\Murphy\Desktop\C++\Week 3\Session 3\MoreClasses\MoreClasses\Debug\link.5392-cvtres.read.1.tlog
C:\Users\Murphy\Desktop\C++\Week 3\Session 3\MoreClasses\MoreClasses\Debug\link.5392-cvtres.write.1.tlog
C:\Users\Murphy\Desktop\C++\Week 3\Session 3\MoreClasses\MoreClasses\Debug\link.5604.read.1.tlog
C:\Users\Murphy\Desktop\C++\Week 3\Session 3\MoreClasses\MoreClasses\Debug\link.5604.write.1.tlog
C:\Users\Murphy\Desktop\C++\Week 3\Session 3\MoreClasses\MoreClasses\Debug\link.5604-cvtres.read.1.tlog
C:\Users\Murphy\Desktop\C++\Week 3\Session 3\MoreClasses\MoreClasses\Debug\link.5604-cvtres.write.1.tlog
C:\Users\Murphy\Desktop\C++\Week 3\Session 3\MoreClasses\MoreClasses\Debug\link.5832.read.1.tlog
C:\Users\Murphy\Desktop\C++\Week 3\Session 3\MoreClasses\MoreClasses\Debug\link.5832.write.1.tlog
C:\Users\Murphy\Desktop\C++\Week 3\Session 3\MoreClasses\MoreClasses\Debug\link.5832-cvtres.read.1.tlog
C:\Users\Murphy\Desktop\C++\Week 3\Session 3\MoreClasses\MoreClasses\Debug\link.5832-cvtres.write.1.tlog
C:\Users\Murphy\Desktop\C++\Week 3\Session 3\MoreClasses\MoreClasses\Debug\link.5972.read.1.tlog
C:\Users\Murphy\Desktop\C++\Week 3\Session 3\MoreClasses\MoreClasses\Debug\link.5972.write.1.tlog
C:\Users\Murphy\Desktop\C++\Week 3\Session 3\MoreClasses\MoreClasses\Debug\link.5972-cvtres.read.1.tlog
C:\Users\Murphy\Desktop\C++\Week 3\Session 3\MoreClasses\MoreClasses\Debug\link.5972-cvtres.write.1.tlog
C:\Users\Murphy\Desktop\C++\Week 3\Session 3\MoreClasses\MoreClasses\Debug\link.6048.read.1.tlog
C:\Users\Murphy\Desktop\C++\Week 3\Session 3\MoreClasses\MoreClasses\Debug\link.6048.write.1.tlog
C:\Users\Murphy\Desktop\C++\Week 3\Session 3\MoreClasses\MoreClasses\Debug\link.6048-cvtres.read.1.tlog
C:\Users\Murphy\Desktop\C++\Week 3\Session 3\MoreClasses\MoreClasses\Debug\link.6048-cvtres.write.1.tlog
C:\Users\Murphy\Desktop\C++\Week 3\Session 3\MoreClasses\MoreClasses\Debug\link.command.1.tlog
C:\Users\Murphy\Desktop\C++\Week 3\Session 3\MoreClasses\MoreClasses\Debug\link.read.1.tlog
C:\Users\Murphy\Desktop\C++\Week 3\Session 3\MoreClasses\MoreClasses\Debug\link.write.1.tlog
C:\Users\Murphy\Desktop\C++\Week 3\Session 3\MoreClasses\MoreClasses\Debug\link-cvtres.read.1.tlog
C:\Users\Murphy\Desktop\C++\Week 3\Session 3\MoreClasses\MoreClasses\Debug\link-cvtres.write.1.tlog
C:\USERS\MURPHY\DESKTOP\C++\WEEK 3\SESSION 3\MORECLASSES\MORECLASSES\DEBUG\MAIN.OBJ
C:\USERS\MURPHY\DESKTOP\C++\WEEK 3\SESSION 3\MORECLASSES\MORECLASSES\DEBUG\MORECLASSES.EXE.EMBED.MANIFEST
C:\USERS\MURPHY\DESKTOP\C++\WEEK 3\SESSION 3\MORECLASSES\MORECLASSES\DEBUG\MORECLASSES.EXE.EMBED.MANIFEST.RES
C:\USERS\MURPHY\DESKTOP\C++\WEEK 3\SESSION 3\MORECLASSES\MORECLASSES\DEBUG\MORECLASSES.EXE.INTERMEDIATE.MANIFEST
C:\Users\Murphy\Desktop\C++\Week 3\Session 3\MoreClasses\MoreClasses\Debug\MoreClasses.vcxprojResolveAssemblyReference.cache
C:\Users\Murphy\Desktop\C++\Week 3\Session 3\MoreClasses\MoreClasses\Debug\MoreClasses.write.1.tlog
C:\Users\Murphy\Desktop\C++\Week 3\Session 3\MoreClasses\MoreClasses\Debug\MoreClasses_manifest.rc
C:\Users\Murphy\Desktop\C++\Week 3\Session 3\MoreClasses\MoreClasses\Debug\mt.command.1.tlog
C:\Users\Murphy\Desktop\C++\Week 3\Session 3\MoreClasses\MoreClasses\Debug\mt.read.1.tlog
C:\Users\Murphy\Desktop\C++\Week 3\Session 3\MoreClasses\MoreClasses\Debug\mt.write.1.tlog
C:\USERS\MURPHY\DESKTOP\C++\WEEK 3\SESSION 3\MORECLASSES\MORECLASSES\DEBUG\NUMBER.OBJ
C:\USERS\MURPHY\DESKTOP\C++\WEEK 3\SESSION 3\MORECLASSES\MORECLASSES\DEBUG\PERSON.OBJ
C:\Users\Murphy\Desktop\C++\Week 3\Session 3\MoreClasses\MoreClasses\Debug\rc.command.1.tlog
C:\Users\Murphy\Desktop\C++\Week 3\Session 3\MoreClasses\MoreClasses\Debug\rc.read.1.tlog
C:\Users\Murphy\Desktop\C++\Week 3\Session 3\MoreClasses\MoreClasses\Debug\rc.write.1.tlog
C:\Users\Murphy\Desktop\C++\Week 3\Session 3\MoreClasses\MoreClasses\Debug\vc100.idb
C:\USERS\MURPHY\DESKTOP\C++\WEEK 3\SESSION 3\MORECLASSES\MORECLASSES\DEBUG\VC100.PDB
