Build started 1/28/2013 6:45:45 PM.
     1>Project "C:\Users\dana_swift\Documents\Visual Studio 2010\Projects\Session 2\Solution1\Solution1\Solution1.vcxproj" on node 2 (build target(s)).
     1>InitializeBuildStatus:
         Creating "Debug\Solution1.unsuccessfulbuild" because "AlwaysCreate" was specified.
       ClCompile:
         C:\Program Files\Microsoft Visual Studio 10.0\VC\bin\CL.exe /c /ZI /nologo /W3 /WX- /Od /Oy- /D WIN32 /D _DEBUG /D _CONSOLE /D _UNICODE /D UNICODE /Gm /EHsc /RTC1 /MDd /GS /fp:precise /Zc:wchar_t /Zc:forScope /Fo"Debug\\" /Fd"Debug\vc100.pdb" /Gd /TP /analyze- /errorReport:prompt Ballance.cpp main.cpp
         main.cpp
     1>c:\users\dana_swift\documents\visual studio 2010\projects\session 2\solution1\solution1\main.cpp(37): warning C4996: 'fopen': This function or variable may be unsafe. Consider using fopen_s instead. To disable deprecation, use _CRT_SECURE_NO_WARNINGS. See online help for details.
                 c:\program files\microsoft visual studio 10.0\vc\include\stdio.h(234) : see declaration of 'fopen'
         Generating Code...
         Compiling...
         Ballance.cpp
         Generating Code...
       ManifestResourceCompile:
         All outputs are up-to-date.
       Link:
         C:\Program Files\Microsoft Visual Studio 10.0\VC\bin\link.exe /ERRORREPORT:PROMPT /OUT:"C:\Users\dana_swift\Documents\Visual Studio 2010\Projects\Session 2\Solution1\Debug\Solution1.exe" /INCREMENTAL /NOLOGO kernel32.lib user32.lib gdi32.lib winspool.lib comdlg32.lib advapi32.lib shell32.lib ole32.lib oleaut32.lib uuid.lib odbc32.lib odbccp32.lib /MANIFEST /ManifestFile:"Debug\Solution1.exe.intermediate.manifest" /MANIFESTUAC:"level='asInvoker' uiAccess='false'" /DEBUG /PDB:"C:\Users\dana_swift\Documents\Visual Studio 2010\Projects\Session 2\Solution1\Debug\Solution1.pdb" /SUBSYSTEM:CONSOLE /TLBID:1 /DYNAMICBASE /NXCOMPAT /IMPLIB:"C:\Users\dana_swift\Documents\Visual Studio 2010\Projects\Session 2\Solution1\Debug\Solution1.lib" /MACHINE:X86 Debug\Solution1.exe.embed.manifest.res
         Debug\Ballance.obj
         Debug\main.obj
       Manifest:
         C:\Program Files\Microsoft SDKs\Windows\v7.0A\bin\mt.exe /nologo /verbose /out:"Debug\Solution1.exe.embed.manifest" /manifest Debug\Solution1.exe.intermediate.manifest
         All outputs are up-to-date.
       LinkEmbedManifest:
         All outputs are up-to-date.
         Solution1.vcxproj -> C:\Users\dana_swift\Documents\Visual Studio 2010\Projects\Session 2\Solution1\Debug\Solution1.exe
       FinalizeBuildStatus:
         Deleting file "Debug\Solution1.unsuccessfulbuild".
         Touching "Debug\Solution1.lastbuildstate".
     1>Done Building Project "C:\Users\dana_swift\Documents\Visual Studio 2010\Projects\Session 2\Solution1\Solution1\Solution1.vcxproj" (build target(s)).

Build succeeded.

Time Elapsed 00:00:00.72
