Build started 3/8/2013 6:57:37 PM.
     1>Project "C:\Users\Murphy\Desktop\C++\Session 7\TypeConversion\TypeConversion\TypeConversion.vcxproj" on node 2 (Build target(s)).
     1>InitializeBuildStatus:
         Creating "Debug\TypeConversion.unsuccessfulbuild" because "AlwaysCreate" was specified.
       ClCompile:
         c:\Program Files (x86)\Microsoft Visual Studio 10.0\VC\bin\CL.exe /c /ZI /nologo /W3 /WX- /Od /Oy- /D WIN32 /D _DEBUG /D _CONSOLE /D _UNICODE /D UNICODE /Gm /EHsc /RTC1 /MDd /GS /fp:precise /Zc:wchar_t /Zc:forScope /Fo"Debug\\" /Fd"Debug\vc100.pdb" /Gd /TP /analyze- /errorReport:prompt main.cpp
         main.cpp
     1>c:\users\murphy\desktop\c++\session 7\typeconversion\typeconversion\main.cpp(22): warning C4244: '=' : conversion from 'double' to 'int', possible loss of data
     1>c:\users\murphy\desktop\c++\session 7\typeconversion\typeconversion\main.cpp(25): warning C4244: '=' : conversion from 'double' to 'int', possible loss of data
       ManifestResourceCompile:
         All outputs are up-to-date.
       Link:
         c:\Program Files (x86)\Microsoft Visual Studio 10.0\VC\bin\link.exe /ERRORREPORT:PROMPT /OUT:"C:\Users\Murphy\Desktop\C++\Session 7\TypeConversion\Debug\TypeConversion.exe" /INCREMENTAL /NOLOGO kernel32.lib user32.lib gdi32.lib winspool.lib comdlg32.lib advapi32.lib shell32.lib ole32.lib oleaut32.lib uuid.lib odbc32.lib odbccp32.lib /MANIFEST /ManifestFile:"Debug\TypeConversion.exe.intermediate.manifest" /MANIFESTUAC:"level='asInvoker' uiAccess='false'" /DEBUG /PDB:"C:\Users\Murphy\Desktop\C++\Session 7\TypeConversion\Debug\TypeConversion.pdb" /SUBSYSTEM:CONSOLE /TLBID:1 /DYNAMICBASE /NXCOMPAT /IMPLIB:"C:\Users\Murphy\Desktop\C++\Session 7\TypeConversion\Debug\TypeConversion.lib" /MACHINE:X86 Debug\TypeConversion.exe.embed.manifest.res
         Debug\main.obj
       Manifest:
         C:\Program Files (x86)\Microsoft SDKs\Windows\v7.0A\bin\mt.exe /nologo /verbose /out:"Debug\TypeConversion.exe.embed.manifest" /manifest Debug\TypeConversion.exe.intermediate.manifest
         All outputs are up-to-date.
       LinkEmbedManifest:
         All outputs are up-to-date.
         TypeConversion.vcxproj -> C:\Users\Murphy\Desktop\C++\Session 7\TypeConversion\Debug\TypeConversion.exe
       FinalizeBuildStatus:
         Deleting file "Debug\TypeConversion.unsuccessfulbuild".
         Touching "Debug\TypeConversion.lastbuildstate".
     1>Done Building Project "C:\Users\Murphy\Desktop\C++\Session 7\TypeConversion\TypeConversion\TypeConversion.vcxproj" (Build target(s)).

Build succeeded.

Time Elapsed 00:00:01.06
