Build started 3/25/2013 6:00:15 PM.
     1>Project "C:\Users\dana_swift\Documents\Visual Studio 2010\Projects\Session 9\OldHomework\OldHomework\OldHomework.vcxproj" on node 2 (build target(s)).
     1>InitializeBuildStatus:
         Creating "Debug\OldHomework.unsuccessfulbuild" because "AlwaysCreate" was specified.
       ClCompile:
         C:\Program Files\Microsoft Visual Studio 10.0\VC\bin\CL.exe /c /ZI /nologo /W3 /WX- /Od /Oy- /D WIN32 /D _DEBUG /D _CONSOLE /D _UNICODE /D UNICODE /Gm /EHsc /RTC1 /MDd /GS /fp:precise /Zc:wchar_t /Zc:forScope /Fo"Debug\\" /Fd"Debug\vc100.pdb" /Gd /TP /analyze- /errorReport:prompt ReadBinaryFile.cpp
         ReadBinaryFile.cpp
     1>c:\users\dana_swift\documents\visual studio 2010\projects\session 9\oldhomework\oldhomework\readbinaryfile.cpp(16): warning C4018: '<' : signed/unsigned mismatch
     1>c:\users\dana_swift\documents\visual studio 2010\projects\session 9\oldhomework\oldhomework\readbinaryfile.cpp(34): warning C4700: uninitialized local variable 'Count' used
       ManifestResourceCompile:
         All outputs are up-to-date.
       Link:
         C:\Program Files\Microsoft Visual Studio 10.0\VC\bin\link.exe /ERRORREPORT:PROMPT /OUT:"C:\Users\dana_swift\Documents\Visual Studio 2010\Projects\Session 9\OldHomework\Debug\OldHomework.exe" /INCREMENTAL /NOLOGO kernel32.lib user32.lib gdi32.lib winspool.lib comdlg32.lib advapi32.lib shell32.lib ole32.lib oleaut32.lib uuid.lib odbc32.lib odbccp32.lib /MANIFEST /ManifestFile:"Debug\OldHomework.exe.intermediate.manifest" /MANIFESTUAC:"level='asInvoker' uiAccess='false'" /DEBUG /PDB:"C:\Users\dana_swift\Documents\Visual Studio 2010\Projects\Session 9\OldHomework\Debug\OldHomework.pdb" /SUBSYSTEM:CONSOLE /TLBID:1 /DYNAMICBASE /NXCOMPAT /IMPLIB:"C:\Users\dana_swift\Documents\Visual Studio 2010\Projects\Session 9\OldHomework\Debug\OldHomework.lib" /MACHINE:X86 Debug\OldHomework.exe.embed.manifest.res
         Debug\main_A4.obj
         Debug\ReadBinaryFile.obj
         Debug\ReadFileAsString.obj
       Manifest:
         C:\Program Files\Microsoft SDKs\Windows\v7.0A\bin\mt.exe /nologo /verbose /out:"Debug\OldHomework.exe.embed.manifest" /manifest Debug\OldHomework.exe.intermediate.manifest
         All outputs are up-to-date.
       LinkEmbedManifest:
         All outputs are up-to-date.
         OldHomework.vcxproj -> C:\Users\dana_swift\Documents\Visual Studio 2010\Projects\Session 9\OldHomework\Debug\OldHomework.exe
       FinalizeBuildStatus:
         Deleting file "Debug\OldHomework.unsuccessfulbuild".
         Touching "Debug\OldHomework.lastbuildstate".
     1>Done Building Project "C:\Users\dana_swift\Documents\Visual Studio 2010\Projects\Session 9\OldHomework\OldHomework\OldHomework.vcxproj" (build target(s)).

Build succeeded.

Time Elapsed 00:00:00.63
