Build started 3/4/2013 8:00:55 PM.
     1>Project "C:\Users\dana_swift\Documents\Visual Studio 2010\Projects\Session 7\pointers\pointers\pointers.vcxproj" on node 2 (build target(s)).
     1>InitializeBuildStatus:
         Touching "Debug\pointers.unsuccessfulbuild".
       ClCompile:
         C:\Program Files\Microsoft Visual Studio 10.0\VC\bin\CL.exe /c /ZI /nologo /W3 /WX- /Od /Oy- /D WIN32 /D _DEBUG /D _CONSOLE /D _UNICODE /D UNICODE /Gm /EHsc /RTC1 /MDd /GS /fp:precise /Zc:wchar_t /Zc:forScope /Fo"Debug\\" /Fd"Debug\vc100.pdb" /Gd /TC /analyze- /errorReport:prompt main.c
         main.c
     1>c:\users\dana_swift\documents\visual studio 2010\projects\session 7\pointers\pointers\main.c(7): warning C4101: 'y' : unreferenced local variable
     1>c:\users\dana_swift\documents\visual studio 2010\projects\session 7\pointers\pointers\main.c(7): warning C4101: 'x' : unreferenced local variable
     1>c:\users\dana_swift\documents\visual studio 2010\projects\session 7\pointers\pointers\main.c(7): warning C4101: 'z' : unreferenced local variable
       ManifestResourceCompile:
         C:\Program Files\Microsoft SDKs\Windows\v7.0A\bin\rc.exe /nologo /fo"Debug\pointers.exe.embed.manifest.res" Debug\pointers_manifest.rc 
       Link:
         C:\Program Files\Microsoft Visual Studio 10.0\VC\bin\link.exe /ERRORREPORT:PROMPT /OUT:"C:\Users\dana_swift\Documents\Visual Studio 2010\Projects\Session 7\pointers\Debug\pointers.exe" /INCREMENTAL /NOLOGO kernel32.lib user32.lib gdi32.lib winspool.lib comdlg32.lib advapi32.lib shell32.lib ole32.lib oleaut32.lib uuid.lib odbc32.lib odbccp32.lib /MANIFEST /ManifestFile:"Debug\pointers.exe.intermediate.manifest" /MANIFESTUAC:"level='asInvoker' uiAccess='false'" /DEBUG /PDB:"C:\Users\dana_swift\Documents\Visual Studio 2010\Projects\Session 7\pointers\Debug\pointers.pdb" /SUBSYSTEM:CONSOLE /TLBID:1 /DYNAMICBASE /NXCOMPAT /IMPLIB:"C:\Users\dana_swift\Documents\Visual Studio 2010\Projects\Session 7\pointers\Debug\pointers.lib" /MACHINE:X86 Debug\pointers.exe.embed.manifest.res
         Debug\main.obj
       Manifest:
         C:\Program Files\Microsoft SDKs\Windows\v7.0A\bin\mt.exe /nologo /verbose /out:"Debug\pointers.exe.embed.manifest" /manifest Debug\pointers.exe.intermediate.manifest
         C:\Program Files\Microsoft SDKs\Windows\v7.0A\bin\rc.exe /nologo /fo"Debug\pointers.exe.embed.manifest.res" Debug\pointers_manifest.rc 
       LinkEmbedManifest:
         C:\Program Files\Microsoft Visual Studio 10.0\VC\bin\link.exe /ERRORREPORT:PROMPT /OUT:"C:\Users\dana_swift\Documents\Visual Studio 2010\Projects\Session 7\pointers\Debug\pointers.exe" /INCREMENTAL /NOLOGO kernel32.lib user32.lib gdi32.lib winspool.lib comdlg32.lib advapi32.lib shell32.lib ole32.lib oleaut32.lib uuid.lib odbc32.lib odbccp32.lib /MANIFEST /ManifestFile:"Debug\pointers.exe.intermediate.manifest" /MANIFESTUAC:"level='asInvoker' uiAccess='false'" /DEBUG /PDB:"C:\Users\dana_swift\Documents\Visual Studio 2010\Projects\Session 7\pointers\Debug\pointers.pdb" /SUBSYSTEM:CONSOLE /TLBID:1 /DYNAMICBASE /NXCOMPAT /IMPLIB:"C:\Users\dana_swift\Documents\Visual Studio 2010\Projects\Session 7\pointers\Debug\pointers.lib" /MACHINE:X86 Debug\pointers.exe.embed.manifest.res
         Debug\main.obj
         pointers.vcxproj -> C:\Users\dana_swift\Documents\Visual Studio 2010\Projects\Session 7\pointers\Debug\pointers.exe
       FinalizeBuildStatus:
         Deleting file "Debug\pointers.unsuccessfulbuild".
         Touching "Debug\pointers.lastbuildstate".
     1>Done Building Project "C:\Users\dana_swift\Documents\Visual Studio 2010\Projects\Session 7\pointers\pointers\pointers.vcxproj" (build target(s)).

Build succeeded.

Time Elapsed 00:00:00.64
