Build started 3/8/2013 5:36:12 PM.
     1>Project "C:\Users\Murphy\Desktop\C++\Session 7\SecondExample\SecondExample\SecondExample.vcxproj" on node 2 (Build target(s)).
     1>InitializeBuildStatus:
         Creating "Debug\SecondExample.unsuccessfulbuild" because "AlwaysCreate" was specified.
       ClCompile:
         c:\Program Files (x86)\Microsoft Visual Studio 10.0\VC\bin\CL.exe /c /ZI /nologo /W3 /WX- /Od /Oy- /D WIN32 /D _DEBUG /D _CONSOLE /D _UNICODE /D UNICODE /Gm /EHsc /RTC1 /MDd /GS /fp:precise /Zc:wchar_t /Zc:forScope /Fo"Debug\\" /Fd"Debug\vc100.pdb" /Gd /TP /analyze- /errorReport:prompt main.cpp
         main.cpp
       ManifestResourceCompile:
         All outputs are up-to-date.
       Link:
         c:\Program Files (x86)\Microsoft Visual Studio 10.0\VC\bin\link.exe /ERRORREPORT:PROMPT /OUT:"C:\Users\Murphy\Desktop\C++\Session 7\SecondExample\Debug\SecondExample.exe" /INCREMENTAL /NOLOGO kernel32.lib user32.lib gdi32.lib winspool.lib comdlg32.lib advapi32.lib shell32.lib ole32.lib oleaut32.lib uuid.lib odbc32.lib odbccp32.lib /MANIFEST /ManifestFile:"Debug\SecondExample.exe.intermediate.manifest" /MANIFESTUAC:"level='asInvoker' uiAccess='false'" /DEBUG /PDB:"C:\Users\Murphy\Desktop\C++\Session 7\SecondExample\Debug\SecondExample.pdb" /SUBSYSTEM:CONSOLE /TLBID:1 /DYNAMICBASE /NXCOMPAT /IMPLIB:"C:\Users\Murphy\Desktop\C++\Session 7\SecondExample\Debug\SecondExample.lib" /MACHINE:X86 Debug\SecondExample.exe.embed.manifest.res
         Debug\Dollars.obj
         Debug\Fractions.obj
         Debug\main.obj
       Manifest:
         C:\Program Files (x86)\Microsoft SDKs\Windows\v7.0A\bin\mt.exe /nologo /verbose /out:"Debug\SecondExample.exe.embed.manifest" /manifest Debug\SecondExample.exe.intermediate.manifest
         All outputs are up-to-date.
       LinkEmbedManifest:
         All outputs are up-to-date.
         SecondExample.vcxproj -> C:\Users\Murphy\Desktop\C++\Session 7\SecondExample\Debug\SecondExample.exe
       FinalizeBuildStatus:
         Deleting file "Debug\SecondExample.unsuccessfulbuild".
         Touching "Debug\SecondExample.lastbuildstate".
     1>Done Building Project "C:\Users\Murphy\Desktop\C++\Session 7\SecondExample\SecondExample\SecondExample.vcxproj" (Build target(s)).

Build succeeded.

Time Elapsed 00:00:01.53
