Build started 3/25/2013 1:34:19 PM.
     1>Project "C:\Users\Murphy\Desktop\C++\Session 6\MoreDerrived\MoreDerrived\MoreDerrived.vcxproj" on node 2 (Build target(s)).
     1>InitializeBuildStatus:
         Creating "Debug\MoreDerrived.unsuccessfulbuild" because "AlwaysCreate" was specified.
       ClCompile:
         c:\Program Files (x86)\Microsoft Visual Studio 10.0\VC\bin\CL.exe /c /ZI /nologo /W3 /WX- /Od /Oy- /D WIN32 /D _DEBUG /D _CONSOLE /D _UNICODE /D UNICODE /Gm /EHsc /RTC1 /MDd /GS /fp:precise /Zc:wchar_t /Zc:forScope /Fo"Debug\\" /Fd"Debug\vc100.pdb" /Gd /TP /analyze- /errorReport:prompt main.cpp
         main.cpp
       ManifestResourceCompile:
         C:\Program Files (x86)\Microsoft SDKs\Windows\v7.0A\bin\rc.exe /nologo /fo"Debug\MoreDerrived.exe.embed.manifest.res" Debug\MoreDerrived_manifest.rc 
       Link:
         c:\Program Files (x86)\Microsoft Visual Studio 10.0\VC\bin\link.exe /ERRORREPORT:PROMPT /OUT:"C:\Users\Murphy\Desktop\C++\Session 6\MoreDerrived\Debug\MoreDerrived.exe" /INCREMENTAL /NOLOGO kernel32.lib user32.lib gdi32.lib winspool.lib comdlg32.lib advapi32.lib shell32.lib ole32.lib oleaut32.lib uuid.lib odbc32.lib odbccp32.lib /MANIFEST /ManifestFile:"Debug\MoreDerrived.exe.intermediate.manifest" /MANIFESTUAC:"level='asInvoker' uiAccess='false'" /DEBUG /PDB:"C:\Users\Murphy\Desktop\C++\Session 6\MoreDerrived\Debug\MoreDerrived.pdb" /SUBSYSTEM:CONSOLE /TLBID:1 /DYNAMICBASE /NXCOMPAT /IMPLIB:"C:\Users\Murphy\Desktop\C++\Session 6\MoreDerrived\Debug\MoreDerrived.lib" /MACHINE:X86 Debug\MoreDerrived.exe.embed.manifest.res
         Debug\main.obj
       Manifest:
         Deleting file "Debug\MoreDerrived.exe.embed.manifest".
         C:\Program Files (x86)\Microsoft SDKs\Windows\v7.0A\bin\mt.exe /nologo /verbose /out:"Debug\MoreDerrived.exe.embed.manifest" /manifest Debug\MoreDerrived.exe.intermediate.manifest
         C:\Program Files (x86)\Microsoft SDKs\Windows\v7.0A\bin\rc.exe /nologo /fo"Debug\MoreDerrived.exe.embed.manifest.res" Debug\MoreDerrived_manifest.rc 
       LinkEmbedManifest:
         c:\Program Files (x86)\Microsoft Visual Studio 10.0\VC\bin\link.exe /ERRORREPORT:PROMPT /OUT:"C:\Users\Murphy\Desktop\C++\Session 6\MoreDerrived\Debug\MoreDerrived.exe" /INCREMENTAL /NOLOGO kernel32.lib user32.lib gdi32.lib winspool.lib comdlg32.lib advapi32.lib shell32.lib ole32.lib oleaut32.lib uuid.lib odbc32.lib odbccp32.lib /MANIFEST /ManifestFile:"Debug\MoreDerrived.exe.intermediate.manifest" /MANIFESTUAC:"level='asInvoker' uiAccess='false'" /DEBUG /PDB:"C:\Users\Murphy\Desktop\C++\Session 6\MoreDerrived\Debug\MoreDerrived.pdb" /SUBSYSTEM:CONSOLE /TLBID:1 /DYNAMICBASE /NXCOMPAT /IMPLIB:"C:\Users\Murphy\Desktop\C++\Session 6\MoreDerrived\Debug\MoreDerrived.lib" /MACHINE:X86 Debug\MoreDerrived.exe.embed.manifest.res
         Debug\main.obj
         MoreDerrived.vcxproj -> C:\Users\Murphy\Desktop\C++\Session 6\MoreDerrived\Debug\MoreDerrived.exe
       FinalizeBuildStatus:
         Deleting file "Debug\MoreDerrived.unsuccessfulbuild".
         Touching "Debug\MoreDerrived.lastbuildstate".
     1>Done Building Project "C:\Users\Murphy\Desktop\C++\Session 6\MoreDerrived\MoreDerrived\MoreDerrived.vcxproj" (Build target(s)).

Build succeeded.

Time Elapsed 00:00:02.56
